<?xml version="1.0" encoding="UTF-8"?>
<testsuite name="com.studies.rabbit_mq.application.dataprovider.users.UsersGatewayImplTest" tests="2" skipped="0" failures="0" errors="0" timestamp="2024-06-09T03:01:42" hostname="MacBook-Pro-de-Jairo.local" time="1.542">
  <properties/>
  <testcase name="given an user then create it()" classname="com.studies.rabbit_mq.application.dataprovider.users.UsersGatewayImplTest" time="1.453"/>
  <testcase name="given an user_id then bring it()" classname="com.studies.rabbit_mq.application.dataprovider.users.UsersGatewayImplTest" time="0.085"/>
  <system-out><![CDATA[]]></system-out>
  <system-err><![CDATA[]]></system-err>
</testsuite>
